{"C:\\Users\\ENVY\\OneDrive\\Desktop\\BookLending_Service\\LibraryModule.js": {"path":"C:\\Users\\ENVY\\OneDrive\\Desktop\\BookLending_Service\\LibraryModule.js","statementMap":{"0":{"start":{"line":5,"column":21},"end":{"line":181,"column":4}},"1":{"start":{"line":8,"column":19},"end":{"line":8,"column":21}},"2":{"start":{"line":10,"column":19},"end":{"line":10,"column":21}},"3":{"start":{"line":12,"column":23},"end":{"line":12,"column":25}},"4":{"start":{"line":14,"column":29},"end":{"line":14,"column":31}},"5":{"start":{"line":16,"column":30},"end":{"line":16,"column":32}},"6":{"start":{"line":18,"column":33},"end":{"line":18,"column":35}},"7":{"start":{"line":21,"column":25},"end":{"line":21,"column":29}},"8":{"start":{"line":29,"column":2},"end":{"line":176,"column":3}},"9":{"start":{"line":33,"column":9},"end":{"line":42,"column":10}},"10":{"start":{"line":50,"column":5},"end":{"line":56,"column":14}},"11":{"start":{"line":50,"column":43},"end":{"line":56,"column":13}},"12":{"start":{"line":63,"column":2},"end":{"line":79,"column":3}},"13":{"start":{"line":63,"column":12},"end":{"line":63,"column":13}},"14":{"start":{"line":64,"column":19},"end":{"line":64,"column":29}},"15":{"start":{"line":65,"column":4},"end":{"line":77,"column":5}},"16":{"start":{"line":66,"column":6},"end":{"line":76,"column":8}},"17":{"start":{"line":85,"column":5},"end":{"line":88,"column":14}},"18":{"start":{"line":85,"column":45},"end":{"line":88,"column":13}},"19":{"start":{"line":96,"column":6},"end":{"line":104,"column":7}},"20":{"start":{"line":96,"column":18},"end":{"line":96,"column":19}},"21":{"start":{"line":97,"column":21},"end":{"line":97,"column":31}},"22":{"start":{"line":98,"column":8},"end":{"line":98,"column":32}},"23":{"start":{"line":99,"column":8},"end":{"line":101,"column":9}},"24":{"start":{"line":100,"column":11},"end":{"line":100,"column":63}},"25":{"start":{"line":110,"column":8},"end":{"line":117,"column":9}},"26":{"start":{"line":110,"column":18},"end":{"line":110,"column":19}},"27":{"start":{"line":111,"column":29},"end":{"line":111,"column":39}},"28":{"start":{"line":112,"column":10},"end":{"line":116,"column":11}},"29":{"start":{"line":113,"column":12},"end":{"line":115,"column":14}},"30":{"start":{"line":114,"column":13},"end":{"line":114,"column":74}},"31":{"start":{"line":124,"column":9},"end":{"line":124,"column":72}},"32":{"start":{"line":125,"column":8},"end":{"line":130,"column":9}},"33":{"start":{"line":125,"column":18},"end":{"line":125,"column":19}},"34":{"start":{"line":126,"column":27},"end":{"line":126,"column":52}},"35":{"start":{"line":127,"column":10},"end":{"line":129,"column":11}},"36":{"start":{"line":128,"column":12},"end":{"line":128,"column":76}},"37":{"start":{"line":141,"column":8},"end":{"line":141,"column":37}},"38":{"start":{"line":146,"column":10},"end":{"line":146,"column":26}},"39":{"start":{"line":151,"column":12},"end":{"line":151,"column":32}},"40":{"start":{"line":156,"column":12},"end":{"line":156,"column":37}},"41":{"start":{"line":161,"column":12},"end":{"line":161,"column":48}},"42":{"start":{"line":166,"column":12},"end":{"line":166,"column":38}},"43":{"start":{"line":171,"column":12},"end":{"line":171,"column":30}},"44":{"start":{"line":183,"column":0},"end":{"line":183,"column":30}},"45":{"start":{"line":198,"column":0},"end":{"line":198,"column":67}},"46":{"start":{"line":199,"column":0},"end":{"line":199,"column":72}},"47":{"start":{"line":200,"column":0},"end":{"line":200,"column":73}},"48":{"start":{"line":201,"column":0},"end":{"line":201,"column":66}},"49":{"start":{"line":202,"column":0},"end":{"line":202,"column":73}},"50":{"start":{"line":203,"column":0},"end":{"line":203,"column":72}},"51":{"start":{"line":204,"column":0},"end":{"line":204,"column":72}},"52":{"start":{"line":205,"column":0},"end":{"line":205,"column":69}},"53":{"start":{"line":210,"column":0},"end":{"line":210,"column":33}},"54":{"start":{"line":211,"column":0},"end":{"line":211,"column":34}},"55":{"start":{"line":212,"column":0},"end":{"line":212,"column":42}},"56":{"start":{"line":216,"column":0},"end":{"line":216,"column":44}},"57":{"start":{"line":217,"column":0},"end":{"line":217,"column":53}},"58":{"start":{"line":222,"column":0},"end":{"line":222,"column":42}},"59":{"start":{"line":223,"column":0},"end":{"line":223,"column":41}},"60":{"start":{"line":227,"column":0},"end":{"line":227,"column":38}},"61":{"start":{"line":228,"column":0},"end":{"line":228,"column":38}},"62":{"start":{"line":232,"column":0},"end":{"line":232,"column":51}},"63":{"start":{"line":233,"column":0},"end":{"line":233,"column":53}},"64":{"start":{"line":234,"column":0},"end":{"line":234,"column":52}},"65":{"start":{"line":237,"column":0},"end":{"line":237,"column":42}},"66":{"start":{"line":245,"column":0},"end":{"line":245,"column":71}},"67":{"start":{"line":246,"column":0},"end":{"line":246,"column":60}},"68":{"start":{"line":247,"column":0},"end":{"line":247,"column":71}},"69":{"start":{"line":248,"column":0},"end":{"line":248,"column":82}},"70":{"start":{"line":251,"column":0},"end":{"line":251,"column":71}},"71":{"start":{"line":252,"column":0},"end":{"line":252,"column":71}},"72":{"start":{"line":253,"column":0},"end":{"line":253,"column":72}},"73":{"start":{"line":254,"column":0},"end":{"line":254,"column":47}},"74":{"start":{"line":256,"column":0},"end":{"line":256,"column":118}},"75":{"start":{"line":257,"column":0},"end":{"line":257,"column":120}},"76":{"start":{"line":258,"column":0},"end":{"line":258,"column":129}},"77":{"start":{"line":262,"column":0},"end":{"line":262,"column":75}},"78":{"start":{"line":263,"column":0},"end":{"line":263,"column":39}},"79":{"start":{"line":264,"column":0},"end":{"line":264,"column":77}},"80":{"start":{"line":265,"column":0},"end":{"line":265,"column":42}},"81":{"start":{"line":268,"column":0},"end":{"line":268,"column":78}},"82":{"start":{"line":269,"column":0},"end":{"line":269,"column":79}},"83":{"start":{"line":270,"column":0},"end":{"line":270,"column":78}},"84":{"start":{"line":271,"column":0},"end":{"line":271,"column":46}},"85":{"start":{"line":274,"column":0},"end":{"line":274,"column":78}},"86":{"start":{"line":275,"column":0},"end":{"line":275,"column":65}},"87":{"start":{"line":276,"column":0},"end":{"line":276,"column":78}},"88":{"start":{"line":277,"column":0},"end":{"line":277,"column":50}},"89":{"start":{"line":281,"column":0},"end":{"line":281,"column":80}},"90":{"start":{"line":282,"column":0},"end":{"line":282,"column":81}},"91":{"start":{"line":283,"column":0},"end":{"line":283,"column":80}},"92":{"start":{"line":284,"column":0},"end":{"line":284,"column":45}},"93":{"start":{"line":288,"column":0},"end":{"line":288,"column":90}},"94":{"start":{"line":289,"column":0},"end":{"line":289,"column":90}},"95":{"start":{"line":290,"column":0},"end":{"line":290,"column":90}},"96":{"start":{"line":291,"column":0},"end":{"line":291,"column":46}}},"fnMap":{"0":{"name":"(anonymous_0)","decl":{"start":{"line":5,"column":22},"end":{"line":5,"column":23}},"loc":{"start":{"line":5,"column":32},"end":{"line":181,"column":1}},"line":5},"1":{"name":"(anonymous_1)","decl":{"start":{"line":32,"column":14},"end":{"line":32,"column":15}},"loc":{"start":{"line":32,"column":70},"end":{"line":45,"column":1}},"line":32},"2":{"name":"(anonymous_2)","decl":{"start":{"line":48,"column":20},"end":{"line":48,"column":21}},"loc":{"start":{"line":48,"column":34},"end":{"line":58,"column":5}},"line":48},"3":{"name":"(anonymous_3)","decl":{"start":{"line":50,"column":36},"end":{"line":50,"column":37}},"loc":{"start":{"line":50,"column":43},"end":{"line":56,"column":13}},"line":50},"4":{"name":"(anonymous_4)","decl":{"start":{"line":62,"column":11},"end":{"line":62,"column":12}},"loc":{"start":{"line":62,"column":25},"end":{"line":81,"column":1}},"line":62},"5":{"name":"(anonymous_5)","decl":{"start":{"line":83,"column":24},"end":{"line":83,"column":25}},"loc":{"start":{"line":83,"column":38},"end":{"line":90,"column":5}},"line":83},"6":{"name":"(anonymous_6)","decl":{"start":{"line":85,"column":38},"end":{"line":85,"column":39}},"loc":{"start":{"line":85,"column":45},"end":{"line":88,"column":13}},"line":85},"7":{"name":"(anonymous_7)","decl":{"start":{"line":95,"column":28},"end":{"line":95,"column":29}},"loc":{"start":{"line":95,"column":41},"end":{"line":106,"column":9}},"line":95},"8":{"name":"(anonymous_8)","decl":{"start":{"line":109,"column":33},"end":{"line":109,"column":34}},"loc":{"start":{"line":109,"column":47},"end":{"line":120,"column":7}},"line":109},"9":{"name":"(anonymous_9)","decl":{"start":{"line":113,"column":48},"end":{"line":113,"column":49}},"loc":{"start":{"line":113,"column":74},"end":{"line":115,"column":13}},"line":113},"10":{"name":"(anonymous_10)","decl":{"start":{"line":123,"column":35},"end":{"line":123,"column":36}},"loc":{"start":{"line":123,"column":60},"end":{"line":133,"column":7}},"line":123},"11":{"name":"(anonymous_11)","decl":{"start":{"line":140,"column":27},"end":{"line":140,"column":28}},"loc":{"start":{"line":140,"column":39},"end":{"line":142,"column":9}},"line":140},"12":{"name":"(anonymous_12)","decl":{"start":{"line":145,"column":23},"end":{"line":145,"column":24}},"loc":{"start":{"line":145,"column":35},"end":{"line":147,"column":11}},"line":145},"13":{"name":"(anonymous_13)","decl":{"start":{"line":150,"column":30},"end":{"line":150,"column":31}},"loc":{"start":{"line":150,"column":42},"end":{"line":152,"column":11}},"line":150},"14":{"name":"(anonymous_14)","decl":{"start":{"line":155,"column":32},"end":{"line":155,"column":33}},"loc":{"start":{"line":155,"column":44},"end":{"line":157,"column":11}},"line":155},"15":{"name":"(anonymous_15)","decl":{"start":{"line":160,"column":35},"end":{"line":160,"column":36}},"loc":{"start":{"line":160,"column":47},"end":{"line":162,"column":11}},"line":160},"16":{"name":"(anonymous_16)","decl":{"start":{"line":165,"column":28},"end":{"line":165,"column":29}},"loc":{"start":{"line":165,"column":40},"end":{"line":167,"column":11}},"line":165},"17":{"name":"(anonymous_17)","decl":{"start":{"line":170,"column":29},"end":{"line":170,"column":30}},"loc":{"start":{"line":170,"column":41},"end":{"line":172,"column":11}},"line":170}},"branchMap":{"0":{"loc":{"start":{"line":50,"column":43},"end":{"line":56,"column":13}},"type":"cond-expr","locations":[{"start":{"line":50,"column":68},"end":{"line":56,"column":8}},{"start":{"line":56,"column":10},"end":{"line":56,"column":13}}],"line":50},"1":{"loc":{"start":{"line":65,"column":4},"end":{"line":77,"column":5}},"type":"if","locations":[{"start":{"line":65,"column":4},"end":{"line":77,"column":5}},{"start":{},"end":{}}],"line":65},"2":{"loc":{"start":{"line":85,"column":45},"end":{"line":88,"column":13}},"type":"cond-expr","locations":[{"start":{"line":85,"column":70},"end":{"line":88,"column":8}},{"start":{"line":88,"column":10},"end":{"line":88,"column":13}}],"line":85},"3":{"loc":{"start":{"line":99,"column":8},"end":{"line":101,"column":9}},"type":"if","locations":[{"start":{"line":99,"column":8},"end":{"line":101,"column":9}},{"start":{},"end":{}}],"line":99},"4":{"loc":{"start":{"line":112,"column":10},"end":{"line":116,"column":11}},"type":"if","locations":[{"start":{"line":112,"column":10},"end":{"line":116,"column":11}},{"start":{},"end":{}}],"line":112},"5":{"loc":{"start":{"line":127,"column":10},"end":{"line":129,"column":11}},"type":"if","locations":[{"start":{"line":127,"column":10},"end":{"line":129,"column":11}},{"start":{},"end":{}}],"line":127}},"s":{"0":1,"1":1,"2":1,"3":1,"4":1,"5":1,"6":1,"7":1,"8":1,"9":9,"10":2,"11":16,"12":3,"13":3,"14":11,"15":11,"16":3,"17":2,"18":16,"19":2,"20":2,"21":14,"22":14,"23":14,"24":2,"25":3,"26":3,"27":11,"28":11,"29":3,"30":18,"31":1,"32":1,"33":1,"34":7,"35":7,"36":1,"37":2,"38":2,"39":2,"40":2,"41":1,"42":1,"43":1,"44":1,"45":1,"46":1,"47":1,"48":1,"49":1,"50":1,"51":1,"52":1,"53":1,"54":1,"55":1,"56":1,"57":1,"58":1,"59":1,"60":1,"61":1,"62":1,"63":1,"64":1,"65":1,"66":1,"67":1,"68":1,"69":1,"70":1,"71":1,"72":1,"73":1,"74":1,"75":1,"76":1,"77":1,"78":1,"79":1,"80":1,"81":1,"82":1,"83":1,"84":1,"85":1,"86":1,"87":1,"88":1,"89":1,"90":1,"91":1,"92":1,"93":1,"94":1,"95":1,"96":1},"f":{"0":1,"1":9,"2":2,"3":16,"4":3,"5":2,"6":16,"7":2,"8":3,"9":18,"10":1,"11":2,"12":2,"13":2,"14":2,"15":1,"16":1,"17":1},"b":{"0":[2,14],"1":[3,8],"2":[2,14],"3":[2,12],"4":[3,8],"5":[1,6]},"_coverageSchema":"1a1c01bbd47fc00a2c39e90264f33305004495a9","hash":"98aae6c6d96bd8200c20ceadc7a6bb14795c7092"}
}
