TN:
SF:LibraryModule.js
FN:5,(anonymous_0)
FN:32,(anonymous_1)
FN:48,(anonymous_2)
FN:50,(anonymous_3)
FN:62,(anonymous_4)
FN:83,(anonymous_5)
FN:85,(anonymous_6)
FN:95,(anonymous_7)
FN:109,(anonymous_8)
FN:113,(anonymous_9)
FN:123,(anonymous_10)
FN:140,(anonymous_11)
FN:145,(anonymous_12)
FN:150,(anonymous_13)
FN:155,(anonymous_14)
FN:160,(anonymous_15)
FN:165,(anonymous_16)
FN:170,(anonymous_17)
FNF:18
FNH:18
FNDA:1,(anonymous_0)
FNDA:9,(anonymous_1)
FNDA:2,(anonymous_2)
FNDA:16,(anonymous_3)
FNDA:3,(anonymous_4)
FNDA:2,(anonymous_5)
FNDA:16,(anonymous_6)
FNDA:2,(anonymous_7)
FNDA:3,(anonymous_8)
FNDA:18,(anonymous_9)
FNDA:1,(anonymous_10)
FNDA:2,(anonymous_11)
FNDA:2,(anonymous_12)
FNDA:2,(anonymous_13)
FNDA:2,(anonymous_14)
FNDA:1,(anonymous_15)
FNDA:1,(anonymous_16)
FNDA:1,(anonymous_17)
DA:5,1
DA:8,1
DA:10,1
DA:12,1
DA:14,1
DA:16,1
DA:18,1
DA:21,1
DA:29,1
DA:33,9
DA:50,16
DA:63,3
DA:64,11
DA:65,11
DA:66,3
DA:85,16
DA:96,2
DA:97,14
DA:98,14
DA:99,14
DA:100,2
DA:110,3
DA:111,11
DA:112,11
DA:113,3
DA:114,18
DA:124,1
DA:125,1
DA:126,7
DA:127,7
DA:128,1
DA:141,2
DA:146,2
DA:151,2
DA:156,2
DA:161,1
DA:166,1
DA:171,1
DA:183,1
DA:198,1
DA:199,1
DA:200,1
DA:201,1
DA:202,1
DA:203,1
DA:204,1
DA:205,1
DA:210,1
DA:211,1
DA:212,1
DA:216,1
DA:217,1
DA:222,1
DA:223,1
DA:227,1
DA:228,1
DA:232,1
DA:233,1
DA:234,1
DA:237,1
DA:245,1
DA:246,1
DA:247,1
DA:248,1
DA:251,1
DA:252,1
DA:253,1
DA:254,1
DA:256,1
DA:257,1
DA:258,1
DA:262,1
DA:263,1
DA:264,1
DA:265,1
DA:268,1
DA:269,1
DA:270,1
DA:271,1
DA:274,1
DA:275,1
DA:276,1
DA:277,1
DA:281,1
DA:282,1
DA:283,1
DA:284,1
DA:288,1
DA:289,1
DA:290,1
DA:291,1
LF:91
LH:91
BRDA:50,0,0,2
BRDA:50,0,1,14
BRDA:65,1,0,3
BRDA:65,1,1,8
BRDA:85,2,0,2
BRDA:85,2,1,14
BRDA:99,3,0,2
BRDA:99,3,1,12
BRDA:112,4,0,3
BRDA:112,4,1,8
BRDA:127,5,0,1
BRDA:127,5,1,6
BRF:12
BRH:12
end_of_record
